Arguments: 
  /opt/homebrew/Cellar/node/15.14.0/bin/node /opt/homebrew/Cellar/yarn/1.22.10/libexec/bin/yarn.js init

PATH: 
  /Users/tdegrunt/.rbenv/shims:/Users/tdegrunt/.dotfiles/bin:/opt/homebrew/bin:/usr/local/bin:/usr/bin:/bin:/usr/sbin:/sbin:/Library/Apple/usr/bin:/Users/tdegrunt/.rbenv/shims:/Users/tdegrunt/.dotfiles/bin:/opt/homebrew/bin

Yarn version: 
  1.22.10

Node version: 
  15.14.0

Platform: 
  darwin arm64

Trace: 
  Error: canceled
      at Interface.<anonymous> (/opt/homebrew/Cellar/yarn/1.22.10/libexec/lib/cli.js:137009:13)
      at Interface.emit (node:events:369:20)
      at Interface._ttyWrite (node:readline:999:16)
      at ReadStream.onkeypress (node:readline:267:10)
      at ReadStream.emit (node:events:369:20)
      at emitKeys (node:internal/readline/utils:358:14)
      at emitKeys.next (<anonymous>)
      at ReadStream.onData (node:readline:1268:36)
      at ReadStream.emit (node:events:369:20)
      at addChunk (node:internal/streams/readable:313:12)

npm manifest: 
  No manifest

yarn manifest: 
  No manifest

Lockfile: 
  No lockfile
